have_func: checking for rb_enc_raise() in ruby.h... -------------------- no

"gcc -fdeclspec -o conftest -I/Users/aryansolutions/.rvm/rubies/ruby-3.0.0/include/ruby-3.0.0/arm64-darwin22 -I/Users/aryansolutions/.rvm/rubies/ruby-3.0.0/include/ruby-3.0.0/ruby/backward -I/Users/aryansolutions/.rvm/rubies/ruby-3.0.0/include/ruby-3.0.0 -I. -D_XOPEN_SOURCE -D_DARWIN_C_SOURCE -D_DARWIN_UNLIMITED_SELECT -D_REENTRANT   -O3 -I/opt/homebrew/opt/libyaml/include -I/opt/homebrew/opt/libksba/include -I/opt/homebrew/opt/readline/include -I/opt/homebrew/opt/zlib/include -I/opt/homebrew/opt/openssl@1.1/include -fno-common -pipe conftest.c  -L. -L/Users/aryansolutions/.rvm/rubies/ruby-3.0.0/lib -L. -L/opt/homebrew/opt/libyaml/lib -L/opt/homebrew/opt/libksba/lib -L/opt/homebrew/opt/readline/lib -L/opt/homebrew/opt/zlib/lib -L/opt/homebrew/opt/openssl@1.1/lib -fstack-protector-strong -L/usr/local/lib  -m64   -lruby.3.0   "
ld: warning: ignoring file /Users/aryansolutions/.rvm/rubies/ruby-3.0.0/lib/libruby.3.0.dylib, building for macOS-x86_64 but attempting to link with file built for macOS-arm64
checked program was:
/* begin */
1: #include "ruby.h"
2: 
3: int main(int argc, char **argv)
4: {
5:   return !!argv[argc];
6: }
/* end */

"gcc -fdeclspec -o conftest -I/Users/aryansolutions/.rvm/rubies/ruby-3.0.0/include/ruby-3.0.0/arm64-darwin22 -I/Users/aryansolutions/.rvm/rubies/ruby-3.0.0/include/ruby-3.0.0/ruby/backward -I/Users/aryansolutions/.rvm/rubies/ruby-3.0.0/include/ruby-3.0.0 -I. -D_XOPEN_SOURCE -D_DARWIN_C_SOURCE -D_DARWIN_UNLIMITED_SELECT -D_REENTRANT   -O3 -I/opt/homebrew/opt/libyaml/include -I/opt/homebrew/opt/libksba/include -I/opt/homebrew/opt/readline/include -I/opt/homebrew/opt/zlib/include -I/opt/homebrew/opt/openssl@1.1/include -fno-common -pipe conftest.c  -L. -L/Users/aryansolutions/.rvm/rubies/ruby-3.0.0/lib -L. -L/opt/homebrew/opt/libyaml/lib -L/opt/homebrew/opt/libksba/lib -L/opt/homebrew/opt/readline/lib -L/opt/homebrew/opt/zlib/lib -L/opt/homebrew/opt/openssl@1.1/lib -fstack-protector-strong -L/usr/local/lib  -m64   -lruby.3.0   "
conftest.c:16:57: error: use of undeclared identifier 'rb_enc_raise'
int t(void) { void ((*volatile p)()); p = (void ((*)()))rb_enc_raise; return !p; }
                                                        ^
1 error generated.
checked program was:
/* begin */
 1: #include "ruby.h"
 2: 
 3: #include <ruby.h>
 4: 
 5: /*top*/
 6: extern int t(void);
 7: int main(int argc, char **argv)
 8: {
 9:   if (argc > 1000000) {
10:     int (* volatile tp)(void)=(int (*)(void))&t;
11:     printf("%d", (*tp)());
12:   }
13: 
14:   return !!argv[argc];
15: }
16: int t(void) { void ((*volatile p)()); p = (void ((*)()))rb_enc_raise; return !p; }
/* end */

"gcc -fdeclspec -o conftest -I/Users/aryansolutions/.rvm/rubies/ruby-3.0.0/include/ruby-3.0.0/arm64-darwin22 -I/Users/aryansolutions/.rvm/rubies/ruby-3.0.0/include/ruby-3.0.0/ruby/backward -I/Users/aryansolutions/.rvm/rubies/ruby-3.0.0/include/ruby-3.0.0 -I. -D_XOPEN_SOURCE -D_DARWIN_C_SOURCE -D_DARWIN_UNLIMITED_SELECT -D_REENTRANT   -O3 -I/opt/homebrew/opt/libyaml/include -I/opt/homebrew/opt/libksba/include -I/opt/homebrew/opt/readline/include -I/opt/homebrew/opt/zlib/include -I/opt/homebrew/opt/openssl@1.1/include -fno-common -pipe conftest.c  -L. -L/Users/aryansolutions/.rvm/rubies/ruby-3.0.0/lib -L. -L/opt/homebrew/opt/libyaml/lib -L/opt/homebrew/opt/libksba/lib -L/opt/homebrew/opt/readline/lib -L/opt/homebrew/opt/zlib/lib -L/opt/homebrew/opt/openssl@1.1/lib -fstack-protector-strong -L/usr/local/lib  -m64   -lruby.3.0   "
ld: warning: ignoring file /Users/aryansolutions/.rvm/rubies/ruby-3.0.0/lib/libruby.3.0.dylib, building for macOS-x86_64 but attempting to link with file built for macOS-arm64
Undefined symbols for architecture x86_64:
  "_rb_enc_raise", referenced from:
      _t in conftest-ed71ab.o
ld: symbol(s) not found for architecture x86_64
clang: error: linker command failed with exit code 1 (use -v to see invocation)
checked program was:
/* begin */
 1: #include "ruby.h"
 2: 
 3: #include <ruby.h>
 4: 
 5: /*top*/
 6: extern int t(void);
 7: int main(int argc, char **argv)
 8: {
 9:   if (argc > 1000000) {
10:     int (* volatile tp)(void)=(int (*)(void))&t;
11:     printf("%d", (*tp)());
12:   }
13: 
14:   return !!argv[argc];
15: }
16: extern void rb_enc_raise();
17: int t(void) { rb_enc_raise(); return 0; }
/* end */

--------------------

have_func: checking for rb_enc_interned_str() in ruby.h... -------------------- no

"gcc -fdeclspec -o conftest -I/Users/aryansolutions/.rvm/rubies/ruby-3.0.0/include/ruby-3.0.0/arm64-darwin22 -I/Users/aryansolutions/.rvm/rubies/ruby-3.0.0/include/ruby-3.0.0/ruby/backward -I/Users/aryansolutions/.rvm/rubies/ruby-3.0.0/include/ruby-3.0.0 -I. -D_XOPEN_SOURCE -D_DARWIN_C_SOURCE -D_DARWIN_UNLIMITED_SELECT -D_REENTRANT   -O3 -I/opt/homebrew/opt/libyaml/include -I/opt/homebrew/opt/libksba/include -I/opt/homebrew/opt/readline/include -I/opt/homebrew/opt/zlib/include -I/opt/homebrew/opt/openssl@1.1/include -fno-common -pipe conftest.c  -L. -L/Users/aryansolutions/.rvm/rubies/ruby-3.0.0/lib -L. -L/opt/homebrew/opt/libyaml/lib -L/opt/homebrew/opt/libksba/lib -L/opt/homebrew/opt/readline/lib -L/opt/homebrew/opt/zlib/lib -L/opt/homebrew/opt/openssl@1.1/lib -fstack-protector-strong -L/usr/local/lib  -m64   -lruby.3.0   "
conftest.c:16:57: error: use of undeclared identifier 'rb_enc_interned_str'
int t(void) { void ((*volatile p)()); p = (void ((*)()))rb_enc_interned_str; return !p; }
                                                        ^
1 error generated.
checked program was:
/* begin */
 1: #include "ruby.h"
 2: 
 3: #include <ruby.h>
 4: 
 5: /*top*/
 6: extern int t(void);
 7: int main(int argc, char **argv)
 8: {
 9:   if (argc > 1000000) {
10:     int (* volatile tp)(void)=(int (*)(void))&t;
11:     printf("%d", (*tp)());
12:   }
13: 
14:   return !!argv[argc];
15: }
16: int t(void) { void ((*volatile p)()); p = (void ((*)()))rb_enc_interned_str; return !p; }
/* end */

"gcc -fdeclspec -o conftest -I/Users/aryansolutions/.rvm/rubies/ruby-3.0.0/include/ruby-3.0.0/arm64-darwin22 -I/Users/aryansolutions/.rvm/rubies/ruby-3.0.0/include/ruby-3.0.0/ruby/backward -I/Users/aryansolutions/.rvm/rubies/ruby-3.0.0/include/ruby-3.0.0 -I. -D_XOPEN_SOURCE -D_DARWIN_C_SOURCE -D_DARWIN_UNLIMITED_SELECT -D_REENTRANT   -O3 -I/opt/homebrew/opt/libyaml/include -I/opt/homebrew/opt/libksba/include -I/opt/homebrew/opt/readline/include -I/opt/homebrew/opt/zlib/include -I/opt/homebrew/opt/openssl@1.1/include -fno-common -pipe conftest.c  -L. -L/Users/aryansolutions/.rvm/rubies/ruby-3.0.0/lib -L. -L/opt/homebrew/opt/libyaml/lib -L/opt/homebrew/opt/libksba/lib -L/opt/homebrew/opt/readline/lib -L/opt/homebrew/opt/zlib/lib -L/opt/homebrew/opt/openssl@1.1/lib -fstack-protector-strong -L/usr/local/lib  -m64   -lruby.3.0   "
ld: warning: ignoring file /Users/aryansolutions/.rvm/rubies/ruby-3.0.0/lib/libruby.3.0.dylib, building for macOS-x86_64 but attempting to link with file built for macOS-arm64
Undefined symbols for architecture x86_64:
  "_rb_enc_interned_str", referenced from:
      _t in conftest-c889c9.o
ld: symbol(s) not found for architecture x86_64
clang: error: linker command failed with exit code 1 (use -v to see invocation)
checked program was:
/* begin */
 1: #include "ruby.h"
 2: 
 3: #include <ruby.h>
 4: 
 5: /*top*/
 6: extern int t(void);
 7: int main(int argc, char **argv)
 8: {
 9:   if (argc > 1000000) {
10:     int (* volatile tp)(void)=(int (*)(void))&t;
11:     printf("%d", (*tp)());
12:   }
13: 
14:   return !!argv[argc];
15: }
16: extern void rb_enc_interned_str();
17: int t(void) { rb_enc_interned_str(); return 0; }
/* end */

--------------------

